<?xml version="1.0" encoding="UTF-8"?>
<testng-results ignored="0" total="7" passed="7" failed="0" skipped="0">
  <reporter-output>
  </reporter-output>
  <suite started-at="2021-12-29T15:41:23 IST" name="Default suite" finished-at="2021-12-29T15:41:23 IST" duration-ms="81">
    <groups>
    </groups>
    <test started-at="2021-12-29T15:41:23 IST" name="Default test" finished-at="2021-12-29T15:41:23 IST" duration-ms="81">
      <class name="StreamTest">
        <test-method signature="arraylist()[pri:0, instance:StreamTest@71c3b41]" started-at="2021-12-29T15:41:23 IST" name="arraylist" finished-at="2021-12-29T15:41:23 IST" duration-ms="13" status="PASS">
          <reporter-output>
          </reporter-output>
        </test-method> <!-- arraylist -->
        <test-method signature="collect()[pri:0, instance:StreamTest@71c3b41]" started-at="2021-12-29T15:41:23 IST" name="collect" finished-at="2021-12-29T15:41:23 IST" duration-ms="2" status="PASS">
          <reporter-output>
          </reporter-output>
        </test-method> <!-- collect -->
        <test-method signature="concat()[pri:0, instance:StreamTest@71c3b41]" started-at="2021-12-29T15:41:23 IST" name="concat" finished-at="2021-12-29T15:41:23 IST" duration-ms="4" status="PASS">
          <reporter-output>
          </reporter-output>
        </test-method> <!-- concat -->
        <test-method signature="distinctAndSorted()[pri:0, instance:StreamTest@71c3b41]" started-at="2021-12-29T15:41:23 IST" name="distinctAndSorted" finished-at="2021-12-29T15:41:23 IST" duration-ms="3" status="PASS">
          <reporter-output>
          </reporter-output>
        </test-method> <!-- distinctAndSorted -->
        <test-method signature="streamFilter()[pri:0, instance:StreamTest@71c3b41]" started-at="2021-12-29T15:41:23 IST" name="streamFilter" finished-at="2021-12-29T15:41:23 IST" duration-ms="3" status="PASS">
          <reporter-output>
          </reporter-output>
        </test-method> <!-- streamFilter -->
        <test-method signature="streamMap()[pri:0, instance:StreamTest@71c3b41]" started-at="2021-12-29T15:41:23 IST" name="streamMap" finished-at="2021-12-29T15:41:23 IST" duration-ms="4" status="PASS">
          <reporter-output>
          </reporter-output>
        </test-method> <!-- streamMap -->
        <test-method signature="streamMapUpper()[pri:0, instance:StreamTest@71c3b41]" started-at="2021-12-29T15:41:23 IST" name="streamMapUpper" finished-at="2021-12-29T15:41:23 IST" duration-ms="2" status="PASS">
          <reporter-output>
          </reporter-output>
        </test-method> <!-- streamMapUpper -->
      </class> <!-- StreamTest -->
    </test> <!-- Default test -->
  </suite> <!-- Default suite -->
</testng-results>
