<?xml version="1.0" encoding="UTF-8"?>
<testng-results ignored="0" total="1" passed="1" failed="0" skipped="0">
  <reporter-output>
  </reporter-output>
  <suite started-at="2021-12-27T14:57:58 IST" name="Default suite" finished-at="2021-12-27T14:58:21 IST" duration-ms="23152">
    <groups>
    </groups>
    <test started-at="2021-12-27T14:57:58 IST" name="Default test" finished-at="2021-12-27T14:58:21 IST" duration-ms="23152">
      <class name="ExtentReport">
        <test-method is-config="true" signature="config()[pri:0, instance:ExtentReport@1e683a3e]" started-at="2021-12-27T14:57:58 IST" name="config" finished-at="2021-12-27T14:57:59 IST" duration-ms="253" status="PASS">
          <reporter-output>
          </reporter-output>
        </test-method> <!-- config -->
        <test-method signature="initialDemo()[pri:0, instance:ExtentReport@1e683a3e]" started-at="2021-12-27T14:57:59 IST" name="initialDemo" finished-at="2021-12-27T14:58:21 IST" duration-ms="22866" status="PASS">
          <reporter-output>
          </reporter-output>
        </test-method> <!-- initialDemo -->
      </class> <!-- ExtentReport -->
    </test> <!-- Default test -->
  </suite> <!-- Default suite -->
</testng-results>
