<?xml version="1.0" encoding="UTF-8"?>
<testng-results ignored="0" total="1" passed="1" failed="0" skipped="0">
  <reporter-output>
  </reporter-output>
  <suite started-at="2021-12-22T14:14:32 IST" name="Default suite" finished-at="2021-12-22T14:15:26 IST" duration-ms="53662">
    <groups>
    </groups>
    <test started-at="2021-12-22T14:14:32 IST" name="Default test" finished-at="2021-12-22T14:15:26 IST" duration-ms="53662">
      <class name="Testcases.Loginapplication">
        <test-method signature="login()[pri:0, instance:Testcases.Loginapplication@51f116b8]" started-at="2021-12-22T14:14:32 IST" name="login" finished-at="2021-12-22T14:15:26 IST" duration-ms="53621" status="PASS">
          <reporter-output>
          </reporter-output>
        </test-method> <!-- login -->
      </class> <!-- Testcases.Loginapplication -->
    </test> <!-- Default test -->
  </suite> <!-- Default suite -->
</testng-results>
