<?xml version="1.0" encoding="UTF-8"?>
<!-- Generated by org.testng.reporters.JUnitXMLReporter -->
<testsuite hostname="bharath" ignored="0" name="Test" tests="4" failures="0" timestamp="2021-12-21T11:49:14 IST" time="0.053" errors="0">
  <testcase name="selenium1" time="0.003" classname="cognizant.Mavenjava.SeleniumTest"/>
  <testcase name="selenium2" time="0.001" classname="cognizant.Mavenjava.SeleniumTest"/>
  <testcase name="restAPI1" time="0.0" classname="cognizant.Mavenjava.RestApiTest"/>
  <testcase name="restAPI2" time="0.0" classname="cognizant.Mavenjava.RestApiTest"/>
</testsuite> <!-- Test -->
