<?xml version="1.0" encoding="UTF-8"?>
<!-- Generated by org.testng.reporters.JUnitXMLReporter -->
<testsuite ignored="0" hostname="bharath" failures="0" tests="7" name="Default test" time="0.081" errors="0" timestamp="2021-12-29T15:41:23 IST">
  <testcase classname="StreamTest" name="arraylist" time="0.013"/>
  <testcase classname="StreamTest" name="collect" time="0.002"/>
  <testcase classname="StreamTest" name="concat" time="0.004"/>
  <testcase classname="StreamTest" name="distinctAndSorted" time="0.003"/>
  <testcase classname="StreamTest" name="streamFilter" time="0.003"/>
  <testcase classname="StreamTest" name="streamMap" time="0.004"/>
  <testcase classname="StreamTest" name="streamMapUpper" time="0.002"/>
</testsuite> <!-- Default test -->
