<?xml version="1.0" encoding="UTF-8"?>
<!-- Generated by org.testng.reporters.JUnitXMLReporter -->
<testsuite ignored="3" hostname="bharath" failures="0" tests="2" name="Car loan" time="0.006" errors="0" timestamp="2021-12-20T11:16:13 IST">
  <testcase classname="test.day4" name="weblogincarloan" time="0.0"/>
  <testcase classname="test.day4" name="carloanApi" time="0.001"/>
  <testcase classname="test.day4" name="Mobilecarloan" time="0.0">
    <ignored/>
  </testcase> <!-- Mobilecarloan -->
  <testcase classname="test.day4" name="Mobilesignoutloan" time="0.0">
    <ignored/>
  </testcase> <!-- Mobilesignoutloan -->
  <testcase classname="test.day4" name="Mobilesignloan" time="0.0">
    <ignored/>
  </testcase> <!-- Mobilesignloan -->
</testsuite> <!-- Car loan -->
